<?xml version="1.0" encoding="UTF-8"?>
<testsuite name="medium.PersonDataClassTest" tests="7" skipped="0" failures="0" errors="0" timestamp="2025-08-08T00:22:36.579Z" hostname="Francisco-Velazquez-MacBook-Pro-16-inch-2021-" time="0.004">
  <properties/>
  <testcase name="testIsAdultEdgeCase()" classname="medium.PersonDataClassTest" time="0.002"/>
  <testcase name="testFullNameProperty()" classname="medium.PersonDataClassTest" time="0.0"/>
  <testcase name="testCreateFromStringFactory()" classname="medium.PersonDataClassTest" time="0.0"/>
  <testcase name="testPersonCreation()" classname="medium.PersonDataClassTest" time="0.0"/>
  <testcase name="testIsAdultMethod()" classname="medium.PersonDataClassTest" time="0.0"/>
  <testcase name="testDataClassEquality()" classname="medium.PersonDataClassTest" time="0.001"/>
  <testcase name="testToStringMethod()" classname="medium.PersonDataClassTest" time="0.0"/>
  <system-out><![CDATA[]]></system-out>
  <system-err><![CDATA[]]></system-err>
</testsuite>
